TN:
SF:src\Business\PostBusiness.ts
FN:12,(anonymous_7)
FN:18,(anonymous_8)
FN:18,(anonymous_9)
FN:39,(anonymous_10)
FN:39,(anonymous_11)
FN:62,(anonymous_12)
FN:62,(anonymous_13)
FN:102,(anonymous_14)
FN:102,(anonymous_15)
FN:151,(anonymous_16)
FN:151,(anonymous_17)
FN:181,(anonymous_18)
FN:181,(anonymous_19)
FNF:13
FNH:11
FNDA:4,(anonymous_7)
FNDA:4,(anonymous_8)
FNDA:4,(anonymous_9)
FNDA:4,(anonymous_10)
FNDA:4,(anonymous_11)
FNDA:4,(anonymous_12)
FNDA:4,(anonymous_13)
FNDA:5,(anonymous_14)
FNDA:5,(anonymous_15)
FNDA:0,(anonymous_16)
FNDA:0,(anonymous_17)
FNDA:6,(anonymous_18)
FNDA:6,(anonymous_19)
DA:3,4
DA:4,4
DA:5,4
DA:6,4
DA:7,4
DA:11,4
DA:13,4
DA:14,4
DA:15,4
DA:18,4
DA:20,4
DA:22,4
DA:23,1
DA:26,3
DA:28,3
DA:29,1
DA:33,2
DA:36,2
DA:38,2
DA:39,4
DA:40,4
DA:53,4
DA:57,2
DA:59,2
DA:62,4
DA:63,4
DA:65,4
DA:66,1
DA:69,3
DA:70,1
DA:73,2
DA:75,2
DA:76,1
DA:80,1
DA:81,1
DA:82,1
DA:83,1
DA:84,1
DA:86,1
DA:98,1
DA:99,1
DA:102,5
DA:104,5
DA:106,5
DA:107,1
DA:110,4
DA:112,4
DA:113,1
DA:116,3
DA:117,1
DA:120,2
DA:122,2
DA:123,1
DA:126,1
DA:129,1
DA:131,1
DA:143,1
DA:144,1
DA:146,1
DA:148,1
DA:151,4
DA:153,0
DA:155,0
DA:156,0
DA:159,0
DA:161,0
DA:162,0
DA:165,0
DA:167,0
DA:168,0
DA:171,0
DA:173,0
DA:174,0
DA:178,0
DA:181,6
DA:183,6
DA:185,6
DA:186,1
DA:189,5
DA:191,5
DA:192,1
DA:195,4
DA:196,1
DA:199,3
DA:201,3
DA:202,1
DA:205,2
DA:206,2
DA:208,2
DA:216,2
DA:218,2
DA:230,2
DA:231,2
DA:232,1
DA:233,1
DA:235,1
DA:236,1
DA:237,1
DA:239,0
DA:240,0
DA:241,0
DA:242,0
DA:243,0
DA:245,0
DA:246,0
DA:249,0
DA:251,0
DA:254,2
DA:256,2
LF:109
LH:87
BRDA:22,0,0,1
BRDA:28,1,0,1
BRDA:65,2,0,1
BRDA:69,3,0,1
BRDA:75,4,0,1
BRDA:106,5,0,1
BRDA:112,6,0,1
BRDA:116,7,0,1
BRDA:122,8,0,1
BRDA:155,9,0,0
BRDA:161,10,0,0
BRDA:167,11,0,0
BRDA:173,12,0,0
BRDA:173,13,0,0
BRDA:173,13,1,0
BRDA:185,14,0,1
BRDA:191,15,0,1
BRDA:195,16,0,1
BRDA:201,17,0,1
BRDA:206,18,0,1
BRDA:206,18,1,1
BRDA:230,19,0,2
BRDA:230,19,1,0
BRDA:231,20,0,1
BRDA:231,20,1,1
BRDA:239,21,0,0
BRDA:239,21,1,0
BRDA:240,22,0,0
BRDA:240,22,1,0
BRDA:251,23,0,0
BRDA:251,23,1,0
BRF:31
BRH:18
end_of_record
TN:
SF:src\Business\SubPostBusiness.ts
FN:15,(anonymous_7)
FN:22,(anonymous_8)
FN:22,(anonymous_9)
FN:45,(anonymous_10)
FN:45,(anonymous_11)
FN:67,(anonymous_12)
FN:67,(anonymous_13)
FN:108,(anonymous_14)
FN:108,(anonymous_15)
FN:154,(anonymous_16)
FN:154,(anonymous_17)
FN:184,(anonymous_18)
FN:184,(anonymous_19)
FNF:13
FNH:11
FNDA:4,(anonymous_7)
FNDA:4,(anonymous_8)
FNDA:4,(anonymous_9)
FNDA:2,(anonymous_10)
FNDA:2,(anonymous_11)
FNDA:4,(anonymous_12)
FNDA:4,(anonymous_13)
FNDA:4,(anonymous_14)
FNDA:4,(anonymous_15)
FNDA:0,(anonymous_16)
FNDA:0,(anonymous_17)
FNDA:6,(anonymous_18)
FNDA:6,(anonymous_19)
DA:3,4
DA:4,4
DA:7,4
DA:8,4
DA:14,4
DA:16,4
DA:17,4
DA:18,4
DA:22,4
DA:24,4
DA:27,4
DA:28,1
DA:32,3
DA:34,3
DA:35,1
DA:40,2
DA:44,2
DA:45,2
DA:46,2
DA:57,2
DA:61,2
DA:63,2
DA:67,4
DA:68,4
DA:70,4
DA:71,1
DA:74,3
DA:75,1
DA:78,2
DA:80,2
DA:81,1
DA:85,1
DA:86,1
DA:87,1
DA:88,1
DA:89,1
DA:91,1
DA:103,1
DA:104,1
DA:108,4
DA:110,4
DA:112,4
DA:113,1
DA:116,3
DA:118,3
DA:119,1
DA:123,2
DA:124,2
DA:126,2
DA:127,1
DA:130,1
DA:131,1
DA:134,1
DA:146,1
DA:147,1
DA:149,1
DA:151,1
DA:154,4
DA:156,0
DA:158,0
DA:159,0
DA:162,0
DA:164,0
DA:165,0
DA:168,0
DA:170,0
DA:171,0
DA:174,0
DA:176,0
DA:177,0
DA:181,0
DA:184,6
DA:186,6
DA:188,6
DA:189,1
DA:192,5
DA:194,5
DA:195,1
DA:198,4
DA:199,1
DA:202,3
DA:204,3
DA:205,1
DA:208,2
DA:209,2
DA:210,2
DA:212,2
DA:219,2
DA:221,2
DA:233,2
DA:234,2
DA:235,1
DA:236,1
DA:238,1
DA:239,1
DA:240,1
DA:242,0
DA:243,0
DA:244,0
DA:245,0
DA:246,0
DA:248,0
DA:249,0
DA:252,0
DA:254,0
DA:257,2
DA:259,2
LF:107
LH:85
BRDA:27,0,0,1
BRDA:34,1,0,1
BRDA:70,2,0,1
BRDA:74,3,0,1
BRDA:80,4,0,1
BRDA:112,5,0,1
BRDA:118,6,0,1
BRDA:126,7,0,1
BRDA:158,8,0,0
BRDA:164,9,0,0
BRDA:170,10,0,0
BRDA:176,11,0,0
BRDA:176,12,0,0
BRDA:176,12,1,0
BRDA:188,13,0,1
BRDA:194,14,0,1
BRDA:198,15,0,1
BRDA:204,16,0,1
BRDA:209,17,0,1
BRDA:209,17,1,1
BRDA:233,18,0,2
BRDA:233,18,1,0
BRDA:234,19,0,1
BRDA:234,19,1,1
BRDA:242,20,0,0
BRDA:242,20,1,0
BRDA:243,21,0,0
BRDA:243,21,1,0
BRDA:254,22,0,0
BRDA:254,22,1,0
BRF:30
BRH:17
end_of_record
TN:
SF:src\Business\UserBusiness.ts
FN:12,(anonymous_7)
FN:19,(anonymous_8)
FN:19,(anonymous_9)
FN:66,(anonymous_10)
FN:66,(anonymous_11)
FNF:5
FNH:3
FNDA:2,(anonymous_7)
FNDA:0,(anonymous_8)
FNDA:0,(anonymous_9)
FNDA:4,(anonymous_10)
FNDA:4,(anonymous_11)
DA:3,2
DA:4,2
DA:5,2
DA:6,2
DA:11,2
DA:13,2
DA:14,2
DA:15,2
DA:16,2
DA:19,2
DA:20,0
DA:22,0
DA:23,0
DA:26,0
DA:27,0
DA:30,0
DA:31,0
DA:34,0
DA:35,0
DA:36,0
DA:37,0
DA:39,0
DA:48,0
DA:50,0
DA:52,0
DA:58,0
DA:60,0
DA:64,0
DA:66,4
DA:67,4
DA:69,4
DA:70,0
DA:72,4
DA:73,0
DA:76,4
DA:78,4
DA:79,0
DA:82,4
DA:84,4
DA:85,4
DA:86,4
DA:90,4
DA:91,0
DA:95,4
DA:105,4
DA:111,4
DA:113,4
DA:117,4
LF:48
LH:26
BRDA:22,0,0,0
BRDA:26,1,0,0
BRDA:30,2,0,0
BRDA:69,3,0,0
BRDA:72,4,0,0
BRDA:78,5,0,0
BRDA:90,6,0,0
BRF:7
BRH:0
end_of_record
TN:
SF:src\DataBase\BaseDataBase.ts
FN:17,(anonymous_1)
FNF:1
FNH:1
FNDA:2,(anonymous_1)
DA:1,10
DA:2,10
DA:5,10
DA:7,10
DA:8,10
DA:18,2
LF:6
LH:6
BRF:0
BRH:0
end_of_record
TN:
SF:src\DataBase\SubPostDataBase.ts
FN:4,(anonymous_7)
FN:10,(anonymous_8)
FN:10,(anonymous_9)
FN:29,(anonymous_10)
FN:29,(anonymous_11)
FN:51,(anonymous_12)
FN:51,(anonymous_13)
FN:58,(anonymous_14)
FN:58,(anonymous_15)
FN:66,(anonymous_16)
FN:66,(anonymous_17)
FN:72,(anonymous_18)
FN:72,(anonymous_19)
FN:79,(anonymous_20)
FN:79,(anonymous_21)
FN:100,(anonymous_22)
FN:100,(anonymous_23)
FN:105,(anonymous_24)
FN:107,(anonymous_25)
FN:125,(anonymous_26)
FN:127,(anonymous_27)
FN:137,(anonymous_28)
FN:139,(anonymous_29)
FNF:23
FNH:3
FNDA:7,(anonymous_7)
FNDA:0,(anonymous_8)
FNDA:0,(anonymous_9)
FNDA:0,(anonymous_10)
FNDA:0,(anonymous_11)
FNDA:0,(anonymous_12)
FNDA:0,(anonymous_13)
FNDA:0,(anonymous_14)
FNDA:0,(anonymous_15)
FNDA:0,(anonymous_16)
FNDA:0,(anonymous_17)
FNDA:0,(anonymous_18)
FNDA:0,(anonymous_19)
FNDA:4,(anonymous_20)
FNDA:4,(anonymous_21)
FNDA:0,(anonymous_22)
FNDA:0,(anonymous_23)
FNDA:0,(anonymous_24)
FNDA:0,(anonymous_25)
FNDA:0,(anonymous_26)
FNDA:0,(anonymous_27)
FNDA:0,(anonymous_28)
FNDA:0,(anonymous_29)
DA:1,4
DA:2,4
DA:4,4
DA:5,4
DA:6,4
DA:10,7
DA:11,0
DA:26,0
DA:29,7
DA:30,0
DA:46,0
DA:51,7
DA:52,0
DA:58,7
DA:59,0
DA:63,0
DA:66,7
DA:67,0
DA:72,7
DA:73,0
DA:79,7
DA:80,4
DA:96,4
DA:100,7
DA:101,0
DA:105,7
DA:107,0
DA:108,0
DA:116,0
DA:117,0
DA:121,0
DA:125,7
DA:127,0
DA:128,0
DA:137,7
DA:139,0
DA:140,0
LF:37
LH:18
BRDA:96,0,0,4
BRDA:96,0,1,0
BRDA:116,1,0,0
BRDA:116,1,1,0
BRDA:117,2,0,0
BRDA:117,2,1,0
BRF:6
BRH:1
end_of_record
TN:
SF:src\Errors\BadRequestError.ts
FNF:0
FNH:0
DA:1,10
DA:3,10
DA:7,46
LF:3
LH:3
BRDA:5,0,0,0
BRF:1
BRH:0
end_of_record
TN:
SF:src\Errors\BaseError.ts
FN:2,(anonymous_0)
FNF:1
FNH:1
FNDA:50,(anonymous_0)
DA:1,10
DA:3,50
DA:6,50
LF:3
LH:3
BRF:0
BRH:0
end_of_record
TN:
SF:src\Errors\NotFoundError.ts
FNF:0
FNH:0
DA:1,10
DA:3,10
DA:7,4
LF:3
LH:3
BRDA:5,0,0,0
BRF:1
BRH:0
end_of_record
TN:
SF:src\Interfaces\Types.ts
FN:2,(anonymous_0)
FN:58,(anonymous_1)
FNF:2
FNH:2
FNDA:10,(anonymous_0)
FNDA:10,(anonymous_1)
DA:2,10
DA:3,10
DA:4,10
DA:58,10
DA:59,10
DA:60,10
LF:6
LH:6
BRDA:2,0,0,10
BRDA:2,0,1,10
BRDA:58,1,0,10
BRDA:58,1,1,10
BRF:4
BRH:4
end_of_record
TN:
SF:src\Models\Post.ts
FN:8,(anonymous_7)
FN:20,(anonymous_8)
FN:24,(anonymous_9)
FN:28,(anonymous_10)
FN:32,(anonymous_11)
FN:36,(anonymous_12)
FN:40,(anonymous_13)
FN:44,(anonymous_14)
FN:48,(anonymous_15)
FN:52,(anonymous_16)
FN:56,(anonymous_17)
FN:60,(anonymous_18)
FN:64,(anonymous_19)
FN:68,(anonymous_20)
FN:72,(anonymous_21)
FN:76,(anonymous_22)
FN:80,(anonymous_23)
FN:84,(anonymous_24)
FN:88,(anonymous_25)
FN:92,(anonymous_26)
FN:96,(anonymous_27)
FN:100,(anonymous_28)
FN:113,(anonymous_29)
FNF:23
FNH:8
FNDA:9,(anonymous_7)
FNDA:0,(anonymous_8)
FNDA:0,(anonymous_9)
FNDA:1,(anonymous_10)
FNDA:2,(anonymous_11)
FNDA:0,(anonymous_12)
FNDA:0,(anonymous_13)
FNDA:0,(anonymous_14)
FNDA:2,(anonymous_15)
FNDA:1,(anonymous_16)
FNDA:0,(anonymous_17)
FNDA:0,(anonymous_18)
FNDA:0,(anonymous_19)
FNDA:0,(anonymous_20)
FNDA:0,(anonymous_21)
FNDA:0,(anonymous_22)
FNDA:1,(anonymous_23)
FNDA:0,(anonymous_24)
FNDA:0,(anonymous_25)
FNDA:0,(anonymous_26)
FNDA:0,(anonymous_27)
FNDA:4,(anonymous_28)
FNDA:4,(anonymous_29)
DA:6,4
DA:9,9
DA:10,9
DA:11,9
DA:12,9
DA:13,9
DA:14,9
DA:15,9
DA:16,9
DA:17,9
DA:21,0
DA:25,0
DA:29,1
DA:33,2
DA:37,0
DA:41,0
DA:45,0
DA:49,2
DA:53,1
DA:57,0
DA:61,0
DA:65,0
DA:69,0
DA:73,0
DA:77,0
DA:81,1
DA:85,0
DA:89,0
DA:93,0
DA:97,0
DA:101,4
DA:114,4
DA:115,4
LF:33
LH:18
BRF:0
BRH:0
end_of_record
TN:
SF:src\Models\SubPost.ts
FN:5,(anonymous_0)
FN:18,(anonymous_1)
FN:22,(anonymous_2)
FN:26,(anonymous_3)
FN:30,(anonymous_4)
FN:34,(anonymous_5)
FN:38,(anonymous_6)
FN:42,(anonymous_7)
FN:46,(anonymous_8)
FN:50,(anonymous_9)
FN:54,(anonymous_10)
FN:58,(anonymous_11)
FN:62,(anonymous_12)
FN:66,(anonymous_13)
FN:70,(anonymous_14)
FN:74,(anonymous_15)
FN:78,(anonymous_16)
FN:82,(anonymous_17)
FN:86,(anonymous_18)
FN:90,(anonymous_19)
FN:94,(anonymous_20)
FN:99,(anonymous_21)
FN:112,(anonymous_22)
FNF:23
FNH:8
FNDA:7,(anonymous_0)
FNDA:0,(anonymous_1)
FNDA:0,(anonymous_2)
FNDA:1,(anonymous_3)
FNDA:2,(anonymous_4)
FNDA:0,(anonymous_5)
FNDA:0,(anonymous_6)
FNDA:0,(anonymous_7)
FNDA:2,(anonymous_8)
FNDA:1,(anonymous_9)
FNDA:0,(anonymous_10)
FNDA:0,(anonymous_11)
FNDA:0,(anonymous_12)
FNDA:0,(anonymous_13)
FNDA:0,(anonymous_14)
FNDA:0,(anonymous_15)
FNDA:1,(anonymous_16)
FNDA:0,(anonymous_17)
FNDA:0,(anonymous_18)
FNDA:0,(anonymous_19)
FNDA:0,(anonymous_20)
FNDA:3,(anonymous_21)
FNDA:3,(anonymous_22)
DA:4,4
DA:6,7
DA:7,7
DA:8,7
DA:9,7
DA:10,7
DA:11,7
DA:12,7
DA:13,7
DA:14,7
DA:19,0
DA:23,0
DA:27,1
DA:31,2
DA:35,0
DA:39,0
DA:43,0
DA:47,2
DA:51,1
DA:55,0
DA:59,0
DA:63,0
DA:67,0
DA:71,0
DA:75,0
DA:79,1
DA:83,0
DA:87,0
DA:91,0
DA:95,0
DA:100,3
DA:113,3
LF:32
LH:17
BRF:0
BRH:0
end_of_record
TN:
SF:src\Models\Users.ts
FN:4,(anonymous_0)
FN:13,(anonymous_1)
FN:18,(anonymous_2)
FN:22,(anonymous_3)
FN:26,(anonymous_4)
FN:30,(anonymous_5)
FN:34,(anonymous_6)
FN:38,(anonymous_7)
FN:42,(anonymous_8)
FN:46,(anonymous_9)
FN:50,(anonymous_10)
FN:54,(anonymous_11)
FN:58,(anonymous_12)
FN:62,(anonymous_13)
FN:74,(anonymous_14)
FNF:15
FNH:4
FNDA:4,(anonymous_0)
FNDA:4,(anonymous_1)
FNDA:0,(anonymous_2)
FNDA:4,(anonymous_3)
FNDA:0,(anonymous_4)
FNDA:0,(anonymous_5)
FNDA:0,(anonymous_6)
FNDA:0,(anonymous_7)
FNDA:0,(anonymous_8)
FNDA:4,(anonymous_9)
FNDA:0,(anonymous_10)
FNDA:0,(anonymous_11)
FNDA:0,(anonymous_12)
FNDA:0,(anonymous_13)
FNDA:0,(anonymous_14)
DA:3,2
DA:5,4
DA:6,4
DA:7,4
DA:8,4
DA:9,4
DA:10,4
DA:14,4
DA:19,0
DA:23,4
DA:27,0
DA:31,0
DA:35,0
DA:39,0
DA:43,0
DA:47,4
DA:51,0
DA:55,0
DA:59,0
DA:63,0
DA:75,0
LF:21
LH:10
BRF:0
BRH:0
end_of_record
TN:
SF:tests\Mocks\HashManagerMock.ts
FN:1,(anonymous_7)
FN:2,(anonymous_8)
FN:2,(anonymous_9)
FN:10,(anonymous_10)
FN:10,(anonymous_11)
FNF:5
FNH:3
FNDA:2,(anonymous_7)
FNDA:0,(anonymous_8)
FNDA:0,(anonymous_9)
FNDA:4,(anonymous_10)
FNDA:4,(anonymous_11)
DA:1,2
DA:2,2
DA:3,0
DA:4,0
DA:7,0
DA:10,4
DA:11,4
DA:12,4
DA:14,0
LF:9
LH:5
BRDA:3,0,0,0
BRDA:11,1,0,4
BRDA:11,2,0,4
BRDA:11,2,1,4
BRF:4
BRH:3
end_of_record
TN:
SF:tests\Mocks\IdGeneratorMock.ts
FN:2,(anonymous_0)
FNF:1
FNH:1
FNDA:2,(anonymous_0)
DA:1,10
DA:3,2
LF:2
LH:2
BRF:0
BRH:0
end_of_record
TN:
SF:tests\Mocks\PostDataBaseMock.ts
FN:4,(anonymous_7)
FN:7,(anonymous_8)
FN:7,(anonymous_9)
FN:31,(anonymous_10)
FN:31,(anonymous_11)
FN:36,(anonymous_12)
FN:36,(anonymous_13)
FN:63,(anonymous_14)
FN:63,(anonymous_15)
FN:66,(anonymous_16)
FN:66,(anonymous_17)
FN:69,(anonymous_18)
FN:69,(anonymous_19)
FN:98,(anonymous_20)
FN:98,(anonymous_21)
FN:101,(anonymous_22)
FN:101,(anonymous_23)
FN:105,(anonymous_24)
FN:107,(anonymous_25)
FN:110,(anonymous_26)
FN:112,(anonymous_27)
FNF:21
FNH:17
FNDA:4,(anonymous_7)
FNDA:2,(anonymous_8)
FNDA:2,(anonymous_9)
FNDA:1,(anonymous_10)
FNDA:1,(anonymous_11)
FNDA:2,(anonymous_12)
FNDA:2,(anonymous_13)
FNDA:3,(anonymous_14)
FNDA:3,(anonymous_15)
FNDA:0,(anonymous_16)
FNDA:0,(anonymous_17)
FNDA:3,(anonymous_18)
FNDA:3,(anonymous_19)
FNDA:0,(anonymous_20)
FNDA:0,(anonymous_21)
FNDA:2,(anonymous_22)
FNDA:2,(anonymous_23)
FNDA:1,(anonymous_24)
FNDA:1,(anonymous_25)
FNDA:1,(anonymous_26)
FNDA:1,(anonymous_27)
DA:1,4
DA:2,4
DA:4,4
DA:5,4
DA:7,4
DA:8,2
DA:31,4
DA:36,4
DA:37,2
DA:39,1
DA:49,0
DA:59,1
DA:63,4
DA:66,4
DA:69,4
DA:70,3
DA:72,2
DA:83,0
DA:94,1
DA:98,4
DA:101,4
DA:102,2
DA:105,4
DA:107,1
DA:110,4
DA:112,1
LF:26
LH:24
BRDA:37,0,0,1
BRDA:37,0,1,0
BRDA:37,0,2,1
BRDA:70,1,0,2
BRDA:70,1,1,0
BRDA:70,1,2,1
BRF:6
BRH:4
end_of_record
TN:
SF:tests\Mocks\SubPostDataBaseMock.ts
FN:4,(anonymous_7)
FN:7,(anonymous_8)
FN:7,(anonymous_9)
FN:35,(anonymous_10)
FN:35,(anonymous_11)
FN:54,(anonymous_12)
FN:54,(anonymous_13)
FN:58,(anonymous_14)
FN:58,(anonymous_15)
FN:87,(anonymous_16)
FN:87,(anonymous_17)
FN:90,(anonymous_18)
FN:90,(anonymous_19)
FN:95,(anonymous_20)
FN:95,(anonymous_21)
FN:126,(anonymous_22)
FN:126,(anonymous_23)
FN:129,(anonymous_24)
FN:129,(anonymous_25)
FN:133,(anonymous_26)
FN:135,(anonymous_27)
FN:138,(anonymous_28)
FN:140,(anonymous_29)
FNF:23
FNH:17
FNDA:5,(anonymous_7)
FNDA:1,(anonymous_8)
FNDA:1,(anonymous_9)
FNDA:2,(anonymous_10)
FNDA:2,(anonymous_11)
FNDA:1,(anonymous_12)
FNDA:1,(anonymous_13)
FNDA:5,(anonymous_14)
FNDA:5,(anonymous_15)
FNDA:3,(anonymous_16)
FNDA:3,(anonymous_17)
FNDA:0,(anonymous_18)
FNDA:0,(anonymous_19)
FNDA:0,(anonymous_20)
FNDA:0,(anonymous_21)
FNDA:0,(anonymous_22)
FNDA:0,(anonymous_23)
FNDA:2,(anonymous_24)
FNDA:2,(anonymous_25)
FNDA:1,(anonymous_26)
FNDA:1,(anonymous_27)
FNDA:1,(anonymous_28)
FNDA:1,(anonymous_29)
DA:1,4
DA:2,4
DA:4,4
DA:5,4
DA:7,5
DA:8,1
DA:35,5
DA:36,2
DA:38,2
DA:50,0
DA:54,5
DA:58,5
DA:59,5
DA:61,3
DA:72,0
DA:83,2
DA:87,5
DA:90,5
DA:95,5
DA:96,0
DA:98,0
DA:110,0
DA:122,0
DA:126,5
DA:129,5
DA:130,2
DA:133,5
DA:135,1
DA:138,5
DA:140,1
LF:30
LH:24
BRDA:36,0,0,2
BRDA:36,0,1,0
BRDA:59,1,0,3
BRDA:59,1,1,0
BRDA:59,1,2,2
BRDA:96,2,0,0
BRDA:96,2,1,0
BRDA:96,2,2,0
BRF:8
BRH:3
end_of_record
TN:
SF:tests\Mocks\TokenManagerMock.ts
FN:3,(anonymous_0)
FN:5,(anonymous_1)
FN:13,(anonymous_2)
FNF:3
FNH:3
FNDA:10,(anonymous_0)
FNDA:4,(anonymous_1)
FNDA:27,(anonymous_2)
DA:1,10
DA:3,10
DA:5,10
DA:6,4
DA:7,2
DA:9,2
DA:13,10
DA:14,27
DA:15,19
DA:21,8
DA:22,0
DA:29,8
LF:12
LH:11
BRDA:6,0,0,2
BRDA:6,0,1,2
BRDA:14,1,0,19
BRDA:14,1,1,8
BRDA:21,2,0,0
BRDA:21,2,1,8
BRF:6
BRH:5
end_of_record
TN:
SF:tests\Mocks\UserDataBaseMock.ts
FN:4,(anonymous_7)
FN:7,(anonymous_8)
FN:7,(anonymous_9)
FN:12,(anonymous_10)
FN:12,(anonymous_11)
FNF:5
FNH:3
FNDA:2,(anonymous_7)
FNDA:0,(anonymous_8)
FNDA:0,(anonymous_9)
FNDA:4,(anonymous_10)
FNDA:4,(anonymous_11)
DA:1,2
DA:2,2
DA:4,2
DA:5,2
DA:7,2
DA:12,4
DA:13,4
DA:15,2
DA:24,2
DA:33,0
LF:10
LH:9
BRDA:13,0,0,2
BRDA:13,0,1,2
BRDA:13,0,2,0
BRF:3
BRH:2
end_of_record
